z35liu@bq-iakkhos:~/project/imframeworkservice$ telnet irc.nokia.troll.no 6667
Trying 10.215.14.19...
Connected to tharsis.nokia.troll.no.
Escape character is '^]'.
:irc.troll.no 020 * :Please wait while we process your connection.
user 1 2 3 4
nick vrcats
:irc.troll.no 001 vrcats :Welcome to the Internet Relay Network vrcats!~1@172.30.136.110
:irc.troll.no 002 vrcats :Your host is irc.troll.no, running version 2.11.1p1
:irc.troll.no 003 vrcats :This server was created Mon Aug 13 2007 at 09:40:58 CEST
:irc.troll.no 004 vrcats irc.troll.no 2.11.1p1 aoOirw abeiIklmnoOpqrRstv
:irc.troll.no 005 vrcats RFC2812 PREFIX=(ov)@+ CHANTYPES=#&!+ MODES=3 CHANLIMIT=#&!+:21 NICKLEN=15 TOPICLEN=160 KICKLEN=160 MAXLIST=beIR:42 CHANNELLEN=50 IDCHAN=!:5 CHANMODES=beIR,k,l,imnpstaqr :are supported by this server
:irc.troll.no 005 vrcats PENALTY FNC EXCEPTS=e INVEX=I CASEMAPPING=ascii :are supported by this server
:irc.troll.no 042 vrcats 0578ABJ77 :your unique ID
:irc.troll.no 251 vrcats :There are 169 users and 0 services on 1 servers
:irc.troll.no 254 vrcats 67 :channels formed
:irc.troll.no 255 vrcats :I have 169 users, 0 services and 0 servers
:irc.troll.no 265 vrcats 169 237 :Current local users 169, max 237
:irc.troll.no 266 vrcats 169 237 :Current global users 169, max 237
:irc.troll.no 375 vrcats :- irc.troll.no Message of the Day - 
:irc.troll.no 372 vrcats :- 5/6/2007 18:18
:irc.troll.no 372 vrcats :- Welcome to the Internal Trolltech IRC server.
:irc.troll.no 372 vrcats :- 
:irc.troll.no 372 vrcats :- Have fun!
:irc.troll.no 372 vrcats :- 
:irc.troll.no 376 vrcats :End of MOTD command.
:irc.troll.no NOTICE vrcats :Server is currently in split-mode.


/list
:irc.troll.no 421 vrcats /list :Unknown command
list
:irc.troll.no NOTICE vrcats :Usage of /list for listing all channels is deprecated. Please use "/squery alis help" instead.
:irc.troll.no 322 vrcats #quassel 1 :
:irc.troll.no 322 vrcats #s60autosquash 1 :
:irc.troll.no 322 vrcats #nokia 1 :
:irc.troll.no 322 vrcats #hb-qml 1 :
:irc.troll.no 322 vrcats #widgetteam 1 :
:irc.troll.no 322 vrcats #orbit 1 :
:irc.troll.no 322 vrcats #solutions 1 :
:irc.troll.no 322 vrcats #exceptions 2 :
:irc.troll.no 322 vrcats #lramsay 1 :
:irc.troll.no 322 vrcats #qml 5 :
:irc.troll.no 322 vrcats #hiv+ 2 :Takes more than a license for a gun
:irc.troll.no 322 vrcats #qtlandmarks 2 :
:irc.troll.no 322 vrcats #qtcontacts 8 :
:irc.troll.no 322 vrcats #languagesupport 1 :
:irc.troll.no 322 vrcats #multimediacommit 1 :
:irc.troll.no 322 vrcats #chinese 8 :
:irc.troll.no 322 vrcats #no 3 :
:irc.troll.no 322 vrcats #icl 3 :Deadline for delivery week 46
:irc.troll.no 322 vrcats #integrators 1 :
:irc.troll.no 322 vrcats #qt-organizer 2 :
:irc.troll.no 322 vrcats #grob 2 :
:irc.troll.no 322 vrcats #marketing 2 :
:irc.troll.no 322 vrcats #cph 1 :
:irc.troll.no 322 vrcats #simulator 2 :
:irc.troll.no 322 vrcats #swipe 1 :swipe is done from ASF point of view
:irc.troll.no 322 vrcats #yber 11 :daily irc meeting @ 14 Finnish time, Monday irc meeting @ 11 Finnish time
:irc.troll.no 322 vrcats #climbing 7 :Climbing on Wed, 10th November. Come join!
:irc.troll.no 322 vrcats #qtpp 4 :
:irc.troll.no 322 vrcats #oslo_newbies 11 :Climbing: Wed, 20.10., meet in the office at 18:00
:irc.troll.no 322 vrcats #fr 6 :
:irc.troll.no 322 vrcats #waterteam 5 :Bug Triaging? Follow our new fellow fish triager
:irc.troll.no 322 vrcats #meego 4 :The wheels are turning, but how fast?
:irc.troll.no 322 vrcats #arctec 7 :
:irc.troll.no 322 vrcats #graphics 21 :All CPU or all GPU, there is no middle ground
:irc.troll.no 322 vrcats #multimedia 14 :Start wearing Purple
:irc.troll.no 322 vrcats #performance 5 :
:irc.troll.no 322 vrcats #qtce 3 :http://www.infoworld.com/d/mobilize/windows-phone-7-dont-bother-disaster-211
:irc.troll.no 322 vrcats #qtprod 27 :If you understand what you're doing, you're not learning anything.
:irc.troll.no 322 vrcats #support 18 :http://developer.qt.nokia.com/ | 4.7.1 is out :)
:irc.troll.no 322 vrcats #release 8 :Qt 4.7 Release Madness
:irc.troll.no 322 vrcats #qa 14 :Qt 4.7.0 released | hurgle blurgle bling blong
:irc.troll.no 322 vrcats #gaming 46 :Wolf:ET Oslo vs Berlin - Next round: Tuesday, starting at 16:00 CET - Our server: 172.25.167.35 (ping joerg if it is down)
:irc.troll.no 322 vrcats #doc 9 :
:irc.troll.no 322 vrcats #nokiasdk 8 :New public server location is at: http://nds2.fds-forum.nokia.com/nokiaqtsdkrepository
:irc.troll.no 322 vrcats #declarative-ui 41 :
:irc.troll.no 322 vrcats #maemo 27 :Code: qt-maemo-shared repo | Instructions at http://wikis.in.nokia.com/QtSoftware/QtOnFremantleN900
:irc.troll.no 322 vrcats #berlin 31 :http://labs.qt.nokia.com/2010/11/09/qt-creator-2-1-beta-2/. Tag v2.1.0-beta2 is in git and packages are on ftp. | The magic keyword is berlin:
:irc.troll.no 322 vrcats #designer 2 :
:irc.troll.no 322 vrcats #isys 11 :
:irc.troll.no 322 vrcats #mobility 12 :
:irc.troll.no 322 vrcats #dev 125 :Qt 4.7.0 - Y2K compliant!
:irc.troll.no 322 vrcats #qt 59 :
:irc.troll.no 322 vrcats #s60 48 :It isn't a program, it's a 1000 patches flying in loose formation.
:irc.troll.no 322 vrcats &WALLOPS 1 :SERVER MESSAGES: wallops received
:irc.troll.no 322 vrcats &SAVE 1 :SERVER MESSAGES: save messages
:irc.troll.no 322 vrcats &AUTH 1 :SERVER MESSAGES: messages from the authentication slave
:irc.troll.no 322 vrcats &SERVICES 1 :SERVER MESSAGES: services joining and leaving
:irc.troll.no 322 vrcats &LOCAL 1 :SERVER MESSAGES: notices about local connections
:irc.troll.no 322 vrcats &HASH 1 :SERVER MESSAGES: hash tables growth
:irc.troll.no 322 vrcats &SERVERS 1 :SERVER MESSAGES: servers joining and leaving
:irc.troll.no 322 vrcats &NUMERICS 1 :SERVER MESSAGES: numerics received
:irc.troll.no 322 vrcats &CHANNEL 1 :SERVER MESSAGES: fake modes
:irc.troll.no 322 vrcats &KILLS 1 :SERVER MESSAGES: operator and server kills
:irc.troll.no 322 vrcats &NOTICES 1 :SERVER MESSAGES: warnings and notices
:irc.troll.no 322 vrcats &ERRORS 1 :SERVER MESSAGES: server errors
:irc.troll.no NOTICE vrcats :Usage of /list for listing all channels is deprecated. Please use "/squery alis help" instead.
:irc.troll.no 323 vrcats :End of LIST
join #chinese
:vrcats!~1@172.30.136.110 JOIN :#chinese
:irc.troll.no 353 vrcats = #chinese :vrcats chayin_ julia_w7 ling lqi Jing jiang z35liu chayin 
:irc.troll.no 366 vrcats #chinese :End of NAMES list.
privmsg #chinese hello everybody


privmsg #chinese :hello everyone

join #chinese     






privmsg vrcats :private message
:vrcats!~1@172.30.136.110 PRIVMSG vrcats :private message
privmsg #chinese :why don't i receive channel updates?
lusers
:irc.troll.no 251 vrcats :There are 169 users and 0 services on 1 servers
:irc.troll.no 254 vrcats 67 :channels formed
:irc.troll.no 255 vrcats :I have 169 users, 0 services and 0 servers
:irc.troll.no 265 vrcats 169 237 :Current local users 169, max 237
:irc.troll.no 266 vrcats 169 237 :Current global users 169, max 237
names #chinese
:irc.troll.no 353 vrcats = #chinese :vrcats chayin_ julia_w7 ling lqi Jing jiang z35liu chayin 
:irc.troll.no 366 vrcats #chinese :End of NAMES list.
:z35liu!~z35liu@172.30.136.110 PRIVMSG #chinese :testing testing
names #qa  
:irc.troll.no 353 vrcats = #qa :dajansen bilking rmcgover z35liu keith pethig 
:irc.troll.no 366 vrcats #qa :End of NAMES list.
PING :irc.troll.no
PONG :irc.troll.no
away :going to the toilet
:irc.troll.no 306 vrcats :You have been marked as being away
info PING :irc.troll.no
pong :irc.troll.no
:irc.troll.no 421 vrcats infpong :Unknown command
pong :irc.troll.no


join #vrcats
:vrcats!~1@172.30.136.110 JOIN :#vrcats
:irc.troll.no 353 vrcats = #vrcats :vrcats 
:irc.troll.no 366 vrcats #vrcats :End of NAMES list.
names #vrcats
:irc.troll.no 353 vrcats = #vrcats :vrcats 
:irc.troll.no 366 vrcats #vrcats :End of NAMES list.
invite z35liu
:irc.troll.no 461 vrcats INVITE :Not enough parameters
invite z35liu #vrcats
:irc.troll.no 341 vrcats z35liu #vrcats
:z35liu!~z35liu@172.30.136.110 JOIN :#vrcats
:z35liu!~z35liu@172.30.136.110 PRIVMSG #vrcats :hello
privmsg #vrcats :hello too.
quit
ERROR :Closing Link: vrcats[~1@172.30.136.110] ("")
Connection closed by foreign host.





z35liu@bq-iakkhos:~/project/imframeworkservice/irc$ telnet irc.nokia.troll.no 6667 
Trying 10.215.14.19...
Connected to tharsis.nokia.troll.no.
Escape character is '^]'.
:irc.troll.no 020 * :Please wait while we process your connection.
user 1 2 3 4
nick vrcats
join #chinese
:irc.troll.no 001 vrcats :Welcome to the Internet Relay Network vrcats!~1@172.30.136.110
:irc.troll.no 002 vrcats :Your host is irc.troll.no, running version 2.11.1p1
:irc.troll.no 003 vrcats :This server was created Mon Aug 13 2007 at 09:40:58 CEST
:irc.troll.no 004 vrcats irc.troll.no 2.11.1p1 aoOirw abeiIklmnoOpqrRstv
:irc.troll.no 005 vrcats RFC2812 PREFIX=(ov)@+ CHANTYPES=#&!+ MODES=3 CHANLIMIT=#&!+:21 NICKLEN=15 TOPICLEN=160 KICKLEN=160 MAXLIST=beIR:42 CHANNELLEN=50 IDCHAN=!:5 CHANMODES=beIR,k,l,imnpstaqr :are supported by this server
:irc.troll.no 005 vrcats PENALTY FNC EXCEPTS=e INVEX=I CASEMAPPING=ascii :are supported by this server
:irc.troll.no 042 vrcats 0578ABJ8G :your unique ID
:irc.troll.no 251 vrcats :There are 172 users and 0 services on 1 servers
:irc.troll.no 254 vrcats 67 :channels formed
:irc.troll.no 255 vrcats :I have 172 users, 0 services and 0 servers
:irc.troll.no 265 vrcats 172 237 :Current local users 172, max 237
:irc.troll.no 266 vrcats 172 237 :Current global users 172, max 237
:irc.troll.no 375 vrcats :- irc.troll.no Message of the Day - 
:irc.troll.no 372 vrcats :- 5/6/2007 18:18
:irc.troll.no 372 vrcats :- Welcome to the Internal Trolltech IRC server.
:irc.troll.no 372 vrcats :- 
:irc.troll.no 372 vrcats :- Have fun!
:irc.troll.no 372 vrcats :- 
:irc.troll.no 376 vrcats :End of MOTD command.
:irc.troll.no NOTICE vrcats :Server is currently in split-mode.
:vrcats!~1@172.30.136.110 JOIN :#chinese
:irc.troll.no 353 vrcats = #chinese :vrcats chayin_ julia_w7 ling lqi Jing jiang z35liu chayin 
:irc.troll.no 366 vrcats #chinese :End of NAMES list.
whois vrcats
:irc.troll.no 311 vrcats vrcats ~1 172.30.136.110 * :4
:irc.troll.no 319 vrcats vrcats :#chinese 
:irc.troll.no 312 vrcats vrcats irc.troll.no :Trolltech IRC server, Oslo
:irc.troll.no 317 vrcats vrcats 20 1289802053 :seconds idle, signon time
:irc.troll.no 318 vrcats vrcats :End of WHOIS list.
whowas zheng liu
:irc.troll.no 406 vrcats zheng :There was no such nickname
:irc.troll.no 369 vrcats zheng :End of WHOWAS
whowas zheng
:irc.troll.no 406 vrcats zheng :There was no such nickname
:irc.troll.no 369 vrcats zheng :End of WHOWAS
whowas zhengliu
:irc.troll.no 314 vrcats zhengliu ~irc.nokia 172.30.116.81 * :z35liu
:irc.troll.no 312 vrcats zhengliu irc.troll.no :Mon Nov 15 04:21:31 2010
:irc.troll.no 314 vrcats zhengliu ~irc.nokia 172.30.116.81 * :z35liu
:irc.troll.no 312 vrcats zhengliu irc.troll.no :Mon Nov 15 01:19:37 2010
:irc.troll.no 314 vrcats zhengliu ~irc.nokia 172.30.116.81 * :z35liu
:irc.troll.no 312 vrcats zhengliu irc.troll.no :Sat Nov 13 00:51:19 2010
:irc.troll.no 314 vrcats zhengliu ~irc.nokia 172.30.116.81 * :z35liu
:irc.troll.no 312 vrcats zhengliu irc.troll.no :Fri Nov 12 08:44:02 2010
:irc.troll.no 314 vrcats zhengliu ~irc.nokia 172.30.116.81 * :z35liu
:irc.troll.no 312 vrcats zhengliu irc.troll.no :Fri Nov 12 00:21:21 2010
:irc.troll.no 369 vrcats zhengliu :End of WHOWAS
PING :irc.troll.no
pong :irc.troll.no
whois jing
:irc.troll.no 311 vrcats Jing ~Jing 172.24.90.166 * :You know what?
:irc.troll.no 319 vrcats Jing :#chinese #gaming #berlin #dev #support 
:irc.troll.no 312 vrcats Jing irc.troll.no :Trolltech IRC server, Oslo
:irc.troll.no 317 vrcats Jing 222934 1289488209 :seconds idle, signon time
:irc.troll.no 318 vrcats jing :End of WHOIS list.
motd
:irc.troll.no 375 vrcats :- irc.troll.no Message of the Day - 
:irc.troll.no 372 vrcats :- 5/6/2007 18:18
:irc.troll.no 372 vrcats :- Welcome to the Internal Trolltech IRC server.
:irc.troll.no 372 vrcats :- 
:irc.troll.no 372 vrcats :- Have fun!
:irc.troll.no 372 vrcats :- 
:irc.troll.no 376 vrcats :End of MOTD command.
names
:irc.troll.no 353 vrcats = #ifdef :niweber 
:irc.troll.no 353 vrcats = #quassel :
:irc.troll.no 353 vrcats = #s60autosquash :jaanttil__ 
:irc.troll.no 353 vrcats = #nokia :
:irc.troll.no 353 vrcats = #hb-qml :
:irc.troll.no 353 vrcats = #widgetteam :
:irc.troll.no 353 vrcats = #orbit :
:irc.troll.no 353 vrcats = #solutions :
:irc.troll.no 353 vrcats = #exceptions :
:irc.troll.no 353 vrcats = #lramsay :lramsay 
:irc.troll.no 353 vrcats = #qml :patburke lqi juvuolle-l 
:irc.troll.no 353 vrcats = #hiv+ :kevinww 
:irc.troll.no 353 vrcats = #qtlandmarks :dajansen 
:irc.troll.no 353 vrcats = #qtcontacts :dajansen rmcgover zsimon kevinww chayin 
:irc.troll.no 353 vrcats = #languagesupport :
:irc.troll.no 353 vrcats = #multimediacommit :
:irc.troll.no 353 vrcats = #chinese :vrcats chayin_ julia_w7 ling lqi Jing jiang z35liu chayin 
:irc.troll.no 353 vrcats = #no :gabi 
:irc.troll.no 353 vrcats = #icl :epenttin mipohjan_ jbarron 
:irc.troll.no 353 vrcats = #integrators :sunil 
:irc.troll.no 353 vrcats = #qt-organizer :dajansen 
:irc.troll.no 353 vrcats = #grob :GrobBuilder 
:irc.troll.no 353 vrcats = #marketing :
:irc.troll.no 353 vrcats = #cph :
:irc.troll.no 353 vrcats = #simulator :niweber 
:irc.troll.no 353 vrcats = #swipe :
:irc.troll.no 353 vrcats = #yber :torarne jmiettinen GrobBuilder jocelyn lgombos 
:irc.troll.no 353 vrcats = #climbing :roschAway pierre 
:irc.troll.no 353 vrcats = #qtpp :epenttin vohi jbarron 
:irc.troll.no 353 vrcats = #oslo_newbies :pierre gabi 
:irc.troll.no 353 vrcats = #fr :pierre gabi 
:irc.troll.no 353 vrcats = #waterteam :janarve aalpert gabi 
:irc.troll.no 353 vrcats = #meego :maluukka sunil markupen 
:irc.troll.no 353 vrcats = #arctec :
:irc.troll.no 353 vrcats = #graphics :MortenS stefano jbarron bnilsen trond markupen 
:irc.troll.no 353 vrcats = #multimedia :sunil dajansen markupen 
:irc.troll.no 353 vrcats = #performance :lgombos 
:irc.troll.no 353 vrcats = #qtce :rmcgover chayin ThomasH 
:irc.troll.no 353 vrcats = #qtprod :maluukka sunil epenttin murakris rmcgover lucian juuso rainemak radakovi adrian raipriha stefano pethig jbarron 
:irc.troll.no 353 vrcats = #support :Morten_E carolinemac rmcgover andyN matthew lqi roschAway pierre t_reinio cstr gabi jbarron 
:irc.troll.no 353 vrcats = #release :niweber rloehning roschAway 
:irc.troll.no 353 vrcats = #qa :sunil dajansen bilking rmcgover z35liu keith pethig 
:irc.troll.no 353 vrcats = #gaming :niweber sunil dajansen rmcgover juvuolle lqi jocelyn blam pierre MortenS lramsay pethig juvuolle-l aalpert kevinww gabi cduclos 
:irc.troll.no 353 vrcats = #doc :Morten_E gvatteka 
:irc.troll.no 353 vrcats = #nokiasdk :niweber rainemak rainisto 
:irc.troll.no 353 vrcats = #declarative-ui :jpetrell dajansen rainemak ThomasH rainisto mbrasser stefano blam lgombos aalpert gabi markupen jbarron 
:irc.troll.no 353 vrcats = #maemo :sunil rmcgover radakovi adrian chayin keith stefano lgombos pethig gabi 
:irc.troll.no 353 vrcats = #berlin :niweber bilking rmcgover matthew rloehning hunger ThomasH pierre cstr andre jbarron cduclos 
:irc.troll.no 353 vrcats = #designer :ThomasH 
:irc.troll.no 353 vrcats = #isys :lqi andre 
:irc.troll.no 353 vrcats = #mobility :jaanttil__ dajansen makulkar_ 
:irc.troll.no 353 vrcats = #dev :Morten_E niweber sunil jaanttil__ murakris jpetrell patburke dajansen bilking dalaing rmcgover Alex_R torarne gvatteka matthew vohi juvuolle zsimon lqi rainemak rloehning radakovi adrian janarve chayin keith hunger rainisto mbrasser jocelyn stefano blam ThomasH lgombos jenya roschAway pierre MortenS t_reinio cstr lramsay pethig juvuolle-l aalpert kevinww andre jpnurmi gabi bnilsen jbarron cduclos trond markupen 
:irc.troll.no 353 vrcats = #qt :Morten_E niweber sunil rmcgover matthew rainemak rloehning janarve chayin makulkar_ rainisto stefano lgombos sl jenya roschAway MortenS pethig jpnurmi jbarron cduclos 
:irc.troll.no 353 vrcats = #s60 :maluukka epenttin tiheikka mipohjan_ jaanttil__ dajansen rmcgover matthew juvuolle lqi rashs makulkar_ hunger mtasa jocelyn lgombos t_reinio cstr pethig andre jpnurmi jbarron markupen ansniemi 
:irc.troll.no 353 vrcats = &WALLOPS :
:irc.troll.no 353 vrcats = &SAVE :
:irc.troll.no 353 vrcats = &AUTH :
:irc.troll.no 353 vrcats = &SERVICES :
:irc.troll.no 353 vrcats = &LOCAL :
:irc.troll.no 353 vrcats = &HASH :
:irc.troll.no 353 vrcats = &SERVERS :
:irc.troll.no 353 vrcats = &NUMERICS :
:irc.troll.no 353 vrcats = &CHANNEL :
:irc.troll.no 353 vrcats = &KILLS :
:irc.troll.no 353 vrcats = &NOTICES :
:irc.troll.no 353 vrcats = &ERRORS :
:irc.troll.no 353 vrcats * * :timkelly kevinMac iomair Gurudutt nrehnbac ypande Dave 
:irc.troll.no 366 vrcats * :End of NAMES list.
names #chinese
:irc.troll.no 353 vrcats = #chinese :vrcats chayin_ julia_w7 ling lqi Jing jiang z35liu chayin 
:irc.troll.no 366 vrcats #chinese :End of NAMES list.
notice vrcats hello
:vrcats!~1@172.30.136.110 NOTICE vrcats :hello
ping
:irc.troll.no 461 vrcats PING :Not enough parameters
ping irc.nokia.troll.no
:irc.troll.no PONG irc.troll.no :irc.nokia.troll.no
servlist
:irc.troll.no 235 vrcats * 0 :End of service listing
stats
:irc.troll.no 461 vrcats STATS :Not enough parameters
stats time
:irc.troll.no 219 vrcats * :End of STATS report
time
:irc.troll.no 391 vrcats irc.troll.no :Monday November 15 2010 -- 07:29 +01:00
topic #chinese
:irc.troll.no 331 vrcats #chinese :No topic is set.
topic #chinese lets talk in chinese
:vrcats!~1@172.30.136.110 TOPIC #chinese :lets
topic #chinese :lets talk in chinese
:vrcats!~1@172.30.136.110 TOPIC #chinese :lets talk in chinese
trace jing
:irc.troll.no 205 vrcats User 14 Jing[~Jing@172.24.90.166]
:irc.troll.no 262 vrcats Jing 2.11.1p1. :End of TRACE
trace vrcats
:irc.troll.no 205 vrcats User 14 vrcats[~1@172.30.136.110]
:irc.troll.no 262 vrcats vrcats 2.11.1p1. :End of TRACE
userhost vrcats
:irc.troll.no 302 vrcats :vrcats=+~1@172.30.136.110
userhost
:irc.troll.no 461 vrcats USERHOST :Not enough parameters
userhost #chinese
:irc.troll.no 302 vrcats :
userhost vrcats
:irc.troll.no 302 vrcats :vrcats=+~1@172.30.136.110
version
:irc.troll.no 351 vrcats 2.11.1p1. irc.troll.no 0578 :aEFJKMRTu
quit
ERROR :Closing Link: vrcats[~1@172.30.136.110] ("")
Connection closed by foreign host.
